<?xml version="1.0" encoding="UTF-8"?>
<!-- Generated by org.testng.reporters.JUnitReportReporter -->
<testsuite skipped="0" hostname="LBBX1ALPIT044" name="com.adt.ibp.ui_automation.Privacy.Test.PROD" tests="1" failures="0" timestamp="2021-12-23T12:42:25 EST" time="40.896" errors="0">
  <testcase name="PROD_Privacy_Test" time="40.896" classname="com.adt.ibp.ui_automation.Privacy.Test.PROD"/>
  <system-out/>
</testsuite> <!-- com.adt.ibp.ui_automation.Privacy.Test.PROD -->
