<?xml version="1.0" encoding="UTF-8"?>
<!-- Generated by org.testng.reporters.JUnitReportReporter -->
<testsuite skipped="0" hostname="LBBX1ALPIT044" name="com.adt.ibp.ui_automation.Privacy.utilities.HelperMethods.VALIDATE_ibpConfig" tests="1" failures="0" timestamp="2021-12-27T21:44:31 EST" time="0.012" errors="0">
  <testcase name="readIanLists" time="0.012" classname="com.adt.ibp.ui_automation.Privacy.utilities.HelperMethods.VALIDATE_ibpConfig"/>
  <system-out/>
</testsuite> <!-- com.adt.ibp.ui_automation.Privacy.utilities.HelperMethods.VALIDATE_ibpConfig -->
