<?xml version="1.0" encoding="UTF-8"?>
<!-- Generated by org.testng.reporters.JUnitReportReporter -->
<testsuite skipped="0" hostname="LBBX1ALPIT044" name="com.adt.ibp.ui_automation.Privacy.Test.SmokeTests" tests="2" failures="0" timestamp="2021-12-22T14:30:31 EST" time="81.289" errors="0">
  <testcase name="Sign_In_Get_WSS_Response" time="40.920" classname="com.adt.ibp.ui_automation.Privacy.Test.SmokeTests"/>
  <system-out/>
  <testcase name="Sign_In_Get_WSS_Response" time="40.369" classname="com.adt.ibp.ui_automation.Privacy.Test.SmokeTests"/>
  <system-out/>
</testsuite> <!-- com.adt.ibp.ui_automation.Privacy.Test.SmokeTests -->
