<?xml version="1.0" encoding="UTF-8"?>
<!-- Generated by org.testng.reporters.JUnitReportReporter -->
<testsuite skipped="0" hostname="LBBX1ALPIT044" name="com.adt.ibp.ui_automation.Privacy.Test.PrePROD" tests="1" failures="0" timestamp="2021-12-27T22:33:06 EST" time="38.305" errors="0">
  <testcase name="PREProd_Privacy_Test" time="38.305" classname="com.adt.ibp.ui_automation.Privacy.Test.PrePROD"/>
  <system-out/>
</testsuite> <!-- com.adt.ibp.ui_automation.Privacy.Test.PrePROD -->
