<?xml version="1.0" encoding="UTF-8"?>
<!-- Generated by org.testng.reporters.JUnitReportReporter -->
<testsuite skipped="0" hostname="LBBX1ALPIT044" name="com.adt.ibp.ui_automation.Privacy.Test.GCP_INT" tests="1" failures="0" timestamp="2021-12-24T11:52:07 EST" time="38.454" errors="0">
  <testcase name="INT_Privacy_Test" time="38.454" classname="com.adt.ibp.ui_automation.Privacy.Test.GCP_INT"/>
  <system-out/>
</testsuite> <!-- com.adt.ibp.ui_automation.Privacy.Test.GCP_INT -->
