<?xml version="1.0" encoding="UTF-8"?>
<!-- Generated by org.testng.reporters.JUnitReportReporter -->
<testsuite skipped="0" hostname="LBBX1ALPIT044" name="com.adt.ibp.ui_automation.Privacy.utilities.HelperMethods.VALIDATE_ibpConfig" tests="2" failures="0" timestamp="2021-12-22T16:10:22 EST" time="0.143" errors="0">
  <testcase name="camConfig_camStatus" time="0.028" classname="com.adt.ibp.ui_automation.Privacy.utilities.HelperMethods.VALIDATE_ibpConfig"/>
  <system-out/>
  <testcase name="ibpConfig" time="0.115" classname="com.adt.ibp.ui_automation.Privacy.utilities.HelperMethods.VALIDATE_ibpConfig"/>
  <system-out/>
</testsuite> <!-- com.adt.ibp.ui_automation.Privacy.utilities.HelperMethods.VALIDATE_ibpConfig -->
